nohup: ignoring input

> lms-frontend@1.0.0 dev
> next dev

 ⨯ Failed to start server
Error: listen EADDRINUSE: address already in use :::8080
    at Server.setupListenHandle [as _listen2] (node:net:1817:16)
    at listenInCluster (node:net:1865:12)
    at Server.listen (node:net:1953:7)
    at /home/itb04/Desktop/digital_lib/dl2 by amit/frontend/node_modules/next/dist/server/lib/start-server.js:280:16
    at new Promise (<anonymous>)
    at startServer (/home/itb04/Desktop/digital_lib/dl2 by amit/frontend/node_modules/next/dist/server/lib/start-server.js:191:11)
    at /home/itb04/Desktop/digital_lib/dl2 by amit/frontend/node_modules/next/dist/server/lib/start-server.js:310:52
    at Span.traceAsyncFn (/home/itb04/Desktop/digital_lib/dl2 by amit/frontend/node_modules/next/dist/trace/trace.js:154:26)
    at process.<anonymous> (/home/itb04/Desktop/digital_lib/dl2 by amit/frontend/node_modules/next/dist/server/lib/start-server.js:310:35)
    at process.emit (node:events:517:28) {
  code: 'EADDRINUSE',
  errno: -98,
  syscall: 'listen',
  address: '::',
  port: 8080
}
[?25h
