nohup: ignoring input
[GIN-debug] [WARNING] Creating an Engine instance with the Logger and Recovery middleware already attached.

[GIN-debug] [WARNING] Running in "debug" mode. Switch to "release" mode in production.
 - using env:	export GIN_MODE=release
 - using code:	gin.SetMode(gin.ReleaseMode)

[GIN-debug] GET    /health                   --> lms-backend/internal/handlers.(*Handler).Health-fm (5 handlers)
[GIN-debug] POST   /api/v1/auth/register     --> lms-backend/internal/handlers.(*Handler).Register-fm (6 handlers)
[GIN-debug] POST   /api/v1/auth/login        --> lms-backend/internal/handlers.(*Handler).Login-fm (6 handlers)
[GIN-debug] GET    /api/v1/auth/google       --> lms-backend/internal/handlers.(*Handler).GoogleLogin-fm (5 handlers)
[GIN-debug] GET    /api/v1/auth/google/callback --> lms-backend/internal/handlers.(*Handler).GoogleCallback-fm (5 handlers)
[GIN-debug] POST   /api/v1/subscriptions/webhook --> lms-backend/internal/handlers.(*Handler).RazorpayWebhook-fm (5 handlers)
[GIN-debug] GET    /api/v1/products          --> lms-backend/internal/handlers.(*Handler).ListProducts-fm (5 handlers)
[GIN-debug] GET    /api/v1/products/:id/stats --> lms-backend/internal/handlers.(*Handler).GetProductStats-fm (5 handlers)
[GIN-debug] GET    /api/v1/products/:id/contents --> lms-backend/internal/handlers.(*Handler).GetProductContents-fm (5 handlers)
[GIN-debug] GET    /api/v1/users/me          --> lms-backend/internal/handlers.(*Handler).GetMe-fm (6 handlers)
[GIN-debug] PUT    /api/v1/users/me          --> lms-backend/internal/handlers.(*Handler).UpdateMe-fm (6 handlers)
[GIN-debug] POST   /api/v1/subscriptions/create-order --> lms-backend/internal/handlers.(*Handler).CreateOrder-fm (6 handlers)
[GIN-debug] POST   /api/v1/subscriptions/create-subscription --> lms-backend/internal/handlers.(*Handler).CreateSubscription-fm (6 handlers)
[GIN-debug] GET    /api/v1/subscriptions/me  --> lms-backend/internal/handlers.(*Handler).GetMySubscriptions-fm (6 handlers)
[GIN-debug] PUT    /api/v1/subscriptions/:id/cancel --> lms-backend/internal/handlers.(*Handler).CancelSubscription-fm (6 handlers)
[GIN-debug] GET    /api/v1/analytics         --> lms-backend/internal/handlers.(*Handler).GetAdminAnalytics-fm (7 handlers)
[GIN-debug] POST   /api/v1/courses           --> lms-backend/internal/handlers.(*Handler).CreateCourse-fm (7 handlers)
[GIN-debug] PUT    /api/v1/courses/:course_id --> lms-backend/internal/handlers.(*Handler).UpdateCourse-fm (7 handlers)
[GIN-debug] DELETE /api/v1/courses/:course_id --> lms-backend/internal/handlers.(*Handler).DeleteCourse-fm (7 handlers)
[GIN-debug] POST   /api/v1/courses/:course_id/modules --> lms-backend/internal/handlers.(*Handler).AddModule-fm (7 handlers)
[GIN-debug] PUT    /api/v1/modules/:module_id --> lms-backend/internal/handlers.(*Handler).UpdateModule-fm (7 handlers)
[GIN-debug] DELETE /api/v1/modules/:module_id --> lms-backend/internal/handlers.(*Handler).DeleteModule-fm (7 handlers)
[GIN-debug] POST   /api/v1/modules/:module_id/lessons --> lms-backend/internal/handlers.(*Handler).AddLesson-fm (7 handlers)
[GIN-debug] PUT    /api/v1/lessons/:lesson_id --> lms-backend/internal/handlers.(*Handler).UpdateLesson-fm (7 handlers)
[GIN-debug] DELETE /api/v1/lessons/:lesson_id --> lms-backend/internal/handlers.(*Handler).DeleteLesson-fm (7 handlers)
[GIN-debug] GET    /api/v1/courses           --> lms-backend/internal/handlers.(*Handler).ListCourses-fm (6 handlers)
[GIN-debug] GET    /api/v1/courses/:course_id --> lms-backend/internal/handlers.(*Handler).GetCourse-fm (6 handlers)
[GIN-debug] POST   /api/v1/progress          --> lms-backend/internal/handlers.(*Handler).UpdateProgress-fm (6 handlers)
[GIN-debug] GET    /api/v1/progress          --> lms-backend/internal/handlers.(*Handler).GetProgress-fm (6 handlers)
[GIN-debug] GET    /api/v1/ai/inactive-users --> lms-backend/internal/handlers.(*Handler).InactiveUsers-fm (6 handlers)
[GIN-debug] GET    /api/v1/ai/churn-risk/:user_id --> lms-backend/internal/handlers.(*Handler).ChurnRisk-fm (5 handlers)
[GIN-debug] POST   /api/v1/ai/generate       --> lms-backend/internal/handlers.(*Handler).GenerateMaterial-fm (7 handlers)
[GIN-debug] GET    /api/v1/contents          --> lms-backend/internal/handlers.(*Handler).ListContents-fm (6 handlers)
[GIN-debug] POST   /api/v1/contents          --> lms-backend/internal/handlers.(*Handler).CreateContent-fm (7 handlers)
[GIN-debug] PUT    /api/v1/contents/:content_id --> lms-backend/internal/handlers.(*Handler).UpdateContent-fm (7 handlers)
[GIN-debug] DELETE /api/v1/contents/:content_id --> lms-backend/internal/handlers.(*Handler).DeleteContent-fm (7 handlers)
[GIN-debug] GET    /api/v1/domains           --> lms-backend/internal/handlers.(*Handler).ListDomains-fm (6 handlers)
[GIN-debug] POST   /api/v1/domains           --> lms-backend/internal/handlers.(*Handler).CreateDomain-fm (7 handlers)
[GIN-debug] POST   /api/v1/domains/:id/subdomains --> lms-backend/internal/handlers.(*Handler).CreateSubdomain-fm (7 handlers)
[GIN-debug] DELETE /api/v1/domains/:id       --> lms-backend/internal/handlers.(*Handler).DeleteDomain-fm (7 handlers)
[GIN-debug] DELETE /api/v1/subdomains/:sub_id --> lms-backend/internal/handlers.(*Handler).DeleteSubdomain-fm (7 handlers)
[GIN-debug] POST   /api/v1/products          --> lms-backend/internal/handlers.(*Handler).CreateProduct-fm (7 handlers)
[GIN-debug] PUT    /api/v1/products/:id      --> lms-backend/internal/handlers.(*Handler).UpdateProduct-fm (7 handlers)
[GIN-debug] DELETE /api/v1/products/:id      --> lms-backend/internal/handlers.(*Handler).DeleteProduct-fm (7 handlers)
[GIN-debug] GET    /api/v1/users             --> lms-backend/internal/handlers.(*Handler).ListUsers-fm (7 handlers)
[GIN-debug] PUT    /api/v1/users/:id/role    --> lms-backend/internal/handlers.(*Handler).UpdateUserRole-fm (7 handlers)
[GIN-debug] PUT    /api/v1/users/:id/status  --> lms-backend/internal/handlers.(*Handler).UpdateUserStatus-fm (7 handlers)
[GIN-debug] GET    /api/v1/institutions      --> lms-backend/internal/handlers.(*Handler).ListInstitutions-fm (7 handlers)
[GIN-debug] POST   /api/v1/institutions      --> lms-backend/internal/handlers.(*Handler).CreateInstitution-fm (7 handlers)
[GIN-debug] PUT    /api/v1/institutions/:id  --> lms-backend/internal/handlers.(*Handler).UpdateInstitution-fm (7 handlers)
[GIN-debug] GET    /api/v1/institutions/:id/members --> lms-backend/internal/handlers.(*Handler).ListInstitutionMembers-fm (7 handlers)
[GIN-debug] POST   /api/v1/institutions/:institution_id/bulk-invite --> lms-backend/internal/handlers.(*Handler).BulkInvite-fm (7 handlers)
[GIN-debug] GET    /api/v1/subscriptions/all --> lms-backend/internal/handlers.(*Handler).ListAllSubscriptions-fm (7 handlers)
[GIN-debug] GET    /api/v1/admin/users       --> lms-backend/internal/handlers.(*Handler).AdminListUsers-fm (7 handlers)
[GIN-debug] POST   /api/v1/admin/subscriptions --> lms-backend/internal/handlers.(*Handler).AdminCreateSubscription-fm (7 handlers)
[GIN-debug] PUT    /api/v1/admin/subscriptions/:id --> lms-backend/internal/handlers.(*Handler).AdminUpdateSubscription-fm (7 handlers)
[GIN-debug] DELETE /api/v1/admin/subscriptions/:id --> lms-backend/internal/handlers.(*Handler).AdminDeleteSubscription-fm (7 handlers)
[GIN-debug] GET    /api/v1/settings          --> lms-backend/internal/handlers.(*Handler).ListSettings-fm (7 handlers)
[GIN-debug] POST   /api/v1/settings          --> lms-backend/internal/handlers.(*Handler).BulkUpsertSettings-fm (7 handlers)
2026/03/19 15:12:26 server running on :8080
[GIN-debug] [WARNING] You trusted all proxies, this is NOT safe. We recommend you to set a value.
Please check https://pkg.go.dev/github.com/gin-gonic/gin#readme-don-t-trust-all-proxies for details.
[GIN-debug] Listening and serving HTTP on 0.0.0.0:8080
signal: killed
